12:16:48.933 [main] INFO  Testcases.TC_003_LoginDataDrivenTest - Starting TC_003_LoginDDT
12:17:10.509 [main] INFO  Testcases.TC_003_LoginDataDrivenTest - Finished TC_003_LoginDDT
12:17:10.545 [main] INFO  Testcases.TC_003_LoginDataDrivenTest - Starting TC_003_LoginDDT
12:17:31.886 [main] INFO  Testcases.TC_003_LoginDataDrivenTest - Finished TC_003_LoginDDT
12:17:31.889 [main] INFO  Testcases.TC_003_LoginDataDrivenTest - Starting TC_003_LoginDDT
12:17:52.973 [main] INFO  Testcases.TC_003_LoginDataDrivenTest - Finished TC_003_LoginDDT
12:17:52.988 [main] INFO  Testcases.TC_003_LoginDataDrivenTest - Starting TC_003_LoginDDT
12:18:14.005 [main] INFO  Testcases.TC_003_LoginDataDrivenTest - Finished TC_003_LoginDDT
12:18:14.020 [main] INFO  Testcases.TC_003_LoginDataDrivenTest - Starting TC_003_LoginDDT
12:37:56.120 [main] INFO  Testcases.TC_003LoginDataDrivenTest -  Starting TC_003_LoginDataDrivenTest 
12:38:18.101 [main] INFO  Testcases.TC_003LoginDataDrivenTest -  Finished TC_003_LoginDataDrivenTest
12:38:18.133 [main] INFO  Testcases.TC_003LoginDataDrivenTest -  Starting TC_003_LoginDataDrivenTest 
12:38:39.350 [main] INFO  Testcases.TC_003LoginDataDrivenTest -  Finished TC_003_LoginDataDrivenTest
12:38:39.350 [main] INFO  Testcases.TC_003LoginDataDrivenTest -  Starting TC_003_LoginDataDrivenTest 
12:39:03.168 [main] INFO  Testcases.TC_003LoginDataDrivenTest -  Finished TC_003_LoginDataDrivenTest
12:39:03.168 [main] INFO  Testcases.TC_003LoginDataDrivenTest -  Starting TC_003_LoginDataDrivenTest 
12:39:24.247 [main] INFO  Testcases.TC_003LoginDataDrivenTest -  Finished TC_003_LoginDataDrivenTest
12:39:24.247 [main] INFO  Testcases.TC_003LoginDataDrivenTest -  Starting TC_003_LoginDataDrivenTest 
12:46:53.704 [main] INFO  Testcases.TC_003LoginDataDrivenTest -  Starting TC_003_LoginDataDrivenTest 
12:47:15.668 [main] INFO  Testcases.TC_003LoginDataDrivenTest -  Finished TC_003_LoginDataDrivenTest
12:47:15.684 [main] INFO  Testcases.TC_003LoginDataDrivenTest -  Starting TC_003_LoginDataDrivenTest 
12:47:37.148 [main] INFO  Testcases.TC_003LoginDataDrivenTest -  Finished TC_003_LoginDataDrivenTest
12:47:37.164 [main] INFO  Testcases.TC_003LoginDataDrivenTest -  Starting TC_003_LoginDataDrivenTest 
12:47:58.255 [main] INFO  Testcases.TC_003LoginDataDrivenTest -  Finished TC_003_LoginDataDrivenTest
12:47:58.255 [main] INFO  Testcases.TC_003LoginDataDrivenTest -  Starting TC_003_LoginDataDrivenTest 
12:48:19.267 [main] INFO  Testcases.TC_003LoginDataDrivenTest -  Finished TC_003_LoginDataDrivenTest
12:48:19.267 [main] INFO  Testcases.TC_003LoginDataDrivenTest -  Starting TC_003_LoginDataDrivenTest 
13:07:06.771 [main] INFO  Testcases.TC_003LoginDataDrivenTest -  Starting TC_003_LoginDataDrivenTest 
13:07:29.242 [main] INFO  Testcases.TC_003LoginDataDrivenTest -  Finished TC_003_LoginDataDrivenTest
13:07:29.293 [main] INFO  Testcases.TC_003LoginDataDrivenTest -  Starting TC_003_LoginDataDrivenTest 
13:07:50.880 [main] INFO  Testcases.TC_003LoginDataDrivenTest -  Finished TC_003_LoginDataDrivenTest
13:07:50.901 [main] INFO  Testcases.TC_003LoginDataDrivenTest -  Starting TC_003_LoginDataDrivenTest 
13:08:12.230 [main] INFO  Testcases.TC_003LoginDataDrivenTest -  Finished TC_003_LoginDataDrivenTest
13:08:12.230 [main] INFO  Testcases.TC_003LoginDataDrivenTest -  Starting TC_003_LoginDataDrivenTest 
13:08:33.720 [main] INFO  Testcases.TC_003LoginDataDrivenTest -  Finished TC_003_LoginDataDrivenTest
13:08:33.720 [main] INFO  Testcases.TC_003LoginDataDrivenTest -  Starting TC_003_LoginDataDrivenTest 
14:52:43.700 [main] INFO  Testcases.TC_003LoginDataDrivenTest -  Starting TC_003_LoginDataDrivenTest 
14:53:04.183 [main] INFO  Testcases.TC_003LoginDataDrivenTest -  Finished TC_003_LoginDataDrivenTest
14:53:04.261 [main] INFO  Testcases.TC_003LoginDataDrivenTest -  Starting TC_003_LoginDataDrivenTest 
14:53:23.508 [main] INFO  Testcases.TC_003LoginDataDrivenTest -  Starting TC_003_LoginDataDrivenTest 
14:53:45.825 [main] INFO  Testcases.TC_003LoginDataDrivenTest -  Finished TC_003_LoginDataDrivenTest
14:53:46.062 [main] INFO  Testcases.TC_003LoginDataDrivenTest -  Starting TC_003_LoginDataDrivenTest 
14:54:05.712 [main] INFO  Testcases.TC_003LoginDataDrivenTest -  Finished TC_003_LoginDataDrivenTest
14:54:05.730 [main] INFO  Testcases.TC_003LoginDataDrivenTest -  Starting TC_003_LoginDataDrivenTest 
14:56:41.826 [main] INFO  Testcases.TC_003LoginDataDrivenTest -  Starting TC_003_LoginDataDrivenTest 
14:56:44.038 [main] INFO  Testcases.TC_003LoginDataDrivenTest -  Finished TC_003_LoginDataDrivenTest
14:56:44.071 [main] INFO  Testcases.TC_003LoginDataDrivenTest -  Starting TC_003_LoginDataDrivenTest 
15:04:50.570 [main] INFO  Testcases.TC_003LoginDataDrivenTest -  Starting TC_003_LoginDataDrivenTest 
15:04:52.724 [main] INFO  Testcases.TC_003LoginDataDrivenTest -  Finished TC_003_LoginDataDrivenTest
15:04:52.746 [main] INFO  Testcases.TC_003LoginDataDrivenTest -  Starting TC_003_LoginDataDrivenTest 
15:05:18.211 [main] INFO  Testcases.TC_003LoginDataDrivenTest -  Finished TC_003_LoginDataDrivenTest
15:05:18.211 [main] INFO  Testcases.TC_003LoginDataDrivenTest -  Starting TC_003_LoginDataDrivenTest 
15:05:39.340 [main] INFO  Testcases.TC_003LoginDataDrivenTest -  Finished TC_003_LoginDataDrivenTest
15:05:39.340 [main] INFO  Testcases.TC_003LoginDataDrivenTest -  Starting TC_003_LoginDataDrivenTest 
15:06:00.438 [main] INFO  Testcases.TC_003LoginDataDrivenTest -  Finished TC_003_LoginDataDrivenTest
15:06:00.440 [main] INFO  Testcases.TC_003LoginDataDrivenTest -  Starting TC_003_LoginDataDrivenTest 
15:06:02.064 [main] INFO  Testcases.TC_003LoginDataDrivenTest -  Finished TC_003_LoginDataDrivenTest
15:07:01.600 [main] INFO  Testcases.TC_003LoginDataDrivenTest -  Starting TC_003_LoginDataDrivenTest 
15:07:03.719 [main] INFO  Testcases.TC_003LoginDataDrivenTest -  Finished TC_003_LoginDataDrivenTest
15:07:03.746 [main] INFO  Testcases.TC_003LoginDataDrivenTest -  Starting TC_003_LoginDataDrivenTest 
15:07:35.657 [main] INFO  Testcases.TC_003LoginDataDrivenTest -  Starting TC_003_LoginDataDrivenTest 
15:07:37.642 [main] INFO  Testcases.TC_003LoginDataDrivenTest -  Finished TC_003_LoginDataDrivenTest
15:07:37.667 [main] INFO  Testcases.TC_003LoginDataDrivenTest -  Starting TC_003_LoginDataDrivenTest 
15:09:49.722 [main] INFO  Testcases.TC_003LoginDataDrivenTest -  Starting TC_003_LoginDataDrivenTest 
15:09:52.050 [main] INFO  Testcases.TC_003LoginDataDrivenTest -  Finished TC_003_LoginDataDrivenTest
15:09:52.073 [main] INFO  Testcases.TC_003LoginDataDrivenTest -  Starting TC_003_LoginDataDrivenTest 
15:12:05.319 [main] INFO  Testcases.TC_003LoginDataDrivenTest -  Starting TC_003_LoginDataDrivenTest 
15:12:06.932 [main] INFO  Testcases.TC_003LoginDataDrivenTest -  Finished TC_003_LoginDataDrivenTest
15:12:06.952 [main] INFO  Testcases.TC_003LoginDataDrivenTest -  Starting TC_003_LoginDataDrivenTest 
15:12:14.733 [main] INFO  Testcases.TC_003LoginDataDrivenTest -  Finished TC_003_LoginDataDrivenTest
15:12:14.743 [main] INFO  Testcases.TC_003LoginDataDrivenTest -  Starting TC_003_LoginDataDrivenTest 
15:13:16.001 [main] INFO  Testcases.TC_003LoginDataDrivenTest -  Starting TC_003_LoginDataDrivenTest 
15:13:20.950 [main] INFO  Testcases.TC_003LoginDataDrivenTest -  Finished TC_003_LoginDataDrivenTest
15:13:20.976 [main] INFO  Testcases.TC_003LoginDataDrivenTest -  Starting TC_003_LoginDataDrivenTest 
15:13:42.084 [main] INFO  Testcases.TC_003LoginDataDrivenTest -  Finished TC_003_LoginDataDrivenTest
15:13:42.096 [main] INFO  Testcases.TC_003LoginDataDrivenTest -  Starting TC_003_LoginDataDrivenTest 
15:17:02.303 [main] INFO  Testcases.TC_003LoginDataDrivenTest -  Starting TC_003_LoginDataDrivenTest 
15:17:07.384 [main] INFO  Testcases.TC_003LoginDataDrivenTest -  Finished TC_003_LoginDataDrivenTest
15:17:07.417 [main] INFO  Testcases.TC_003LoginDataDrivenTest -  Starting TC_003_LoginDataDrivenTest 
15:21:42.741 [main] INFO  Testcases.TC_003LoginDataDrivenTest -  Starting TC_003_LoginDataDrivenTest 
15:21:48.334 [main] INFO  Testcases.TC_003LoginDataDrivenTest -  Finished TC_003_LoginDataDrivenTest
15:21:48.358 [main] INFO  Testcases.TC_003LoginDataDrivenTest -  Starting TC_003_LoginDataDrivenTest 
15:22:12.379 [main] INFO  Testcases.TC_003LoginDataDrivenTest -  Finished TC_003_LoginDataDrivenTest
15:22:12.379 [main] INFO  Testcases.TC_003LoginDataDrivenTest -  Starting TC_003_LoginDataDrivenTest 
15:24:01.356 [main] INFO  Testcases.TC_003LoginDataDrivenTest -  Starting TC_003_LoginDataDrivenTest 
15:24:03.573 [main] INFO  Testcases.TC_003LoginDataDrivenTest -  Finished TC_003_LoginDataDrivenTest
15:24:03.597 [main] INFO  Testcases.TC_003LoginDataDrivenTest -  Starting TC_003_LoginDataDrivenTest 
15:26:23.796 [main] INFO  Testcases.TC_003LoginDataDrivenTest -  Starting TC_003_LoginDataDrivenTest 
15:26:25.607 [main] INFO  Testcases.TC_003LoginDataDrivenTest -  Finished TC_003_LoginDataDrivenTest
15:26:25.615 [main] INFO  Testcases.TC_003LoginDataDrivenTest -  Starting TC_003_LoginDataDrivenTest 
15:26:53.525 [main] INFO  Testcases.TC_003LoginDataDrivenTest -  Finished TC_003_LoginDataDrivenTest
15:26:53.525 [main] INFO  Testcases.TC_003LoginDataDrivenTest -  Starting TC_003_LoginDataDrivenTest 
15:27:14.572 [main] INFO  Testcases.TC_003LoginDataDrivenTest -  Finished TC_003_LoginDataDrivenTest
15:27:14.577 [main] INFO  Testcases.TC_003LoginDataDrivenTest -  Starting TC_003_LoginDataDrivenTest 
15:27:40.210 [main] INFO  Testcases.TC_003LoginDataDrivenTest -  Finished TC_003_LoginDataDrivenTest
15:27:40.226 [main] INFO  Testcases.TC_003LoginDataDrivenTest -  Starting TC_003_LoginDataDrivenTest 
15:27:42.010 [main] INFO  Testcases.TC_003LoginDataDrivenTest -  Finished TC_003_LoginDataDrivenTest
15:32:50.477 [main] INFO  Testcases.TC_003LoginDataDrivenTest -  Starting TC_003_LoginDataDrivenTest 
15:32:52.690 [main] INFO  Testcases.TC_003LoginDataDrivenTest -  Finished TC_003_LoginDataDrivenTest
15:32:52.725 [main] INFO  Testcases.TC_003LoginDataDrivenTest -  Starting TC_003_LoginDataDrivenTest 
15:33:30.458 [main] INFO  Testcases.TC_003LoginDataDrivenTest -  Finished TC_003_LoginDataDrivenTest
15:33:30.458 [main] INFO  Testcases.TC_003LoginDataDrivenTest -  Starting TC_003_LoginDataDrivenTest 
15:33:51.592 [main] INFO  Testcases.TC_003LoginDataDrivenTest -  Finished TC_003_LoginDataDrivenTest
15:33:51.595 [main] INFO  Testcases.TC_003LoginDataDrivenTest -  Starting TC_003_LoginDataDrivenTest 
15:34:12.496 [main] INFO  Testcases.TC_003LoginDataDrivenTest -  Finished TC_003_LoginDataDrivenTest
15:34:12.498 [main] INFO  Testcases.TC_003LoginDataDrivenTest -  Starting TC_003_LoginDataDrivenTest 
15:34:14.566 [main] INFO  Testcases.TC_003LoginDataDrivenTest -  Finished TC_003_LoginDataDrivenTest
15:44:02.094 [main] INFO  Testcases.TC_003LoginDataDrivenTest -  Starting TC_003_LoginDataDrivenTest 
15:44:03.962 [main] INFO  Testcases.TC_003LoginDataDrivenTest -  Finished TC_003_LoginDataDrivenTest
15:44:03.992 [main] INFO  Testcases.TC_003LoginDataDrivenTest -  Starting TC_003_LoginDataDrivenTest 
15:44:13.457 [main] INFO  Testcases.TC_003LoginDataDrivenTest -  Finished TC_003_LoginDataDrivenTest
15:44:13.464 [main] INFO  Testcases.TC_003LoginDataDrivenTest -  Starting TC_003_LoginDataDrivenTest 
15:51:59.895 [main] INFO  Testcases.TC_003LoginDataDrivenTest -  Starting TC_003_LoginDataDrivenTest 
15:52:02.263 [main] INFO  Testcases.TC_003LoginDataDrivenTest -  Finished TC_003_LoginDataDrivenTest
15:52:02.294 [main] INFO  Testcases.TC_003LoginDataDrivenTest -  Starting TC_003_LoginDataDrivenTest 
16:00:05.863 [main] INFO  Testcases.TC_003LoginDataDrivenTest - *** Starting TC_003_LoginDataDrivenTest*** 
16:00:07.788 [main] INFO  Testcases.TC_003LoginDataDrivenTest - *** Finished TC_003_LoginDataDrivenTest***
16:00:07.801 [main] INFO  Testcases.TC_003LoginDataDrivenTest - *** Starting TC_003_LoginDataDrivenTest*** 
16:00:35.698 [main] INFO  Testcases.TC_003LoginDataDrivenTest - *** Finished TC_003_LoginDataDrivenTest***
16:00:35.703 [main] INFO  Testcases.TC_003LoginDataDrivenTest - *** Starting TC_003_LoginDataDrivenTest*** 
16:03:08.643 [main] INFO  Testcases.TC_003LoginDataDrivenTest - *** Starting TC_003_LoginDataDrivenTest*** 
16:03:10.484 [main] INFO  Testcases.TC_003LoginDataDrivenTest - *** Finished TC_003_LoginDataDrivenTest***
16:03:10.522 [main] INFO  Testcases.TC_003LoginDataDrivenTest - *** Starting TC_003_LoginDataDrivenTest*** 
19:24:40.718 [main] INFO  Testcases.Tc_002_Logintest - Starting Tc_002_Logintest
19:24:42.238 [main] INFO  Testcases.Tc_002_Logintest - providing login details
19:24:43.249 [main] INFO  Testcases.Tc_002_Logintest - finished Tc_002_Logintest
19:25:43.381 [main] INFO  Testcases.TC_003LoginDataDrivenTest - *** Starting TC_003_LoginDataDrivenTest*** 
19:25:45.155 [main] INFO  Testcases.TC_003LoginDataDrivenTest - *** Finished TC_003_LoginDataDrivenTest***
19:25:45.179 [main] INFO  Testcases.TC_003LoginDataDrivenTest - *** Starting TC_003_LoginDataDrivenTest*** 
19:26:14.868 [main] INFO  Testcases.TC_003LoginDataDrivenTest - *** Finished TC_003_LoginDataDrivenTest***
19:26:14.868 [main] INFO  Testcases.TC_003LoginDataDrivenTest - *** Starting TC_003_LoginDataDrivenTest*** 
19:26:35.889 [main] INFO  Testcases.TC_003LoginDataDrivenTest - *** Finished TC_003_LoginDataDrivenTest***
19:26:35.889 [main] INFO  Testcases.TC_003LoginDataDrivenTest - *** Starting TC_003_LoginDataDrivenTest*** 
19:26:56.895 [main] INFO  Testcases.TC_003LoginDataDrivenTest - *** Finished TC_003_LoginDataDrivenTest***
19:26:56.895 [main] INFO  Testcases.TC_003LoginDataDrivenTest - *** Starting TC_003_LoginDataDrivenTest*** 
19:26:58.384 [main] INFO  Testcases.TC_003LoginDataDrivenTest - *** Finished TC_003_LoginDataDrivenTest***
19:30:56.886 [main] INFO  Testcases.TC_001AccountRegistrationTest - ***Starting TC_001AccountRegistrationTest***
19:30:57.770 [main] INFO  Testcases.TC_001AccountRegistrationTest - Clicked on my account link
19:30:58.698 [main] INFO  Testcases.TC_001AccountRegistrationTest - clicked on register link
19:30:58.711 [main] INFO  Testcases.TC_001AccountRegistrationTest - providing customer data
19:31:02.032 [main] INFO  Testcases.TC_001AccountRegistrationTest - Clicked on continue
19:31:02.084 [main] INFO  Testcases.TC_001AccountRegistrationTest - validation expected message
19:31:02.084 [main] INFO  Testcases.TC_001AccountRegistrationTest - ***Finished TC_001AccountRegistrationTest***
19:31:05.741 [main] INFO  Testcases.Tc_002_Logintest - Starting Tc_002_Logintest
19:31:06.947 [main] INFO  Testcases.Tc_002_Logintest - providing login details
19:31:07.950 [main] INFO  Testcases.Tc_002_Logintest - finished Tc_002_Logintest
19:34:07.876 [main] INFO  Testcases.Tc_002_Logintest - Starting Tc_002_Logintest
19:34:09.406 [main] INFO  Testcases.Tc_002_Logintest - providing login details
19:34:10.630 [main] INFO  Testcases.Tc_002_Logintest - finished Tc_002_Logintest
19:34:54.429 [main] INFO  Testcases.TC_003LoginDataDrivenTest - *** Starting TC_003_LoginDataDrivenTest*** 
19:34:57.682 [main] INFO  Testcases.TC_003LoginDataDrivenTest - *** Finished TC_003_LoginDataDrivenTest***
19:34:57.699 [main] INFO  Testcases.TC_003LoginDataDrivenTest - *** Starting TC_003_LoginDataDrivenTest*** 
19:35:23.171 [main] INFO  Testcases.TC_003LoginDataDrivenTest - *** Finished TC_003_LoginDataDrivenTest***
19:35:23.171 [main] INFO  Testcases.TC_003LoginDataDrivenTest - *** Starting TC_003_LoginDataDrivenTest*** 
19:35:44.139 [main] INFO  Testcases.TC_003LoginDataDrivenTest - *** Finished TC_003_LoginDataDrivenTest***
19:35:44.139 [main] INFO  Testcases.TC_003LoginDataDrivenTest - *** Starting TC_003_LoginDataDrivenTest*** 
19:36:05.125 [main] INFO  Testcases.TC_003LoginDataDrivenTest - *** Finished TC_003_LoginDataDrivenTest***
19:36:05.125 [main] INFO  Testcases.TC_003LoginDataDrivenTest - *** Starting TC_003_LoginDataDrivenTest*** 
19:36:06.622 [main] INFO  Testcases.TC_003LoginDataDrivenTest - *** Finished TC_003_LoginDataDrivenTest***
20:00:27.237 [main] INFO  Testcases.TC_003LoginDataDrivenTest - *** Starting TC_003_LoginDataDrivenTest*** 
20:00:28.885 [main] INFO  Testcases.TC_003LoginDataDrivenTest - *** Finished TC_003_LoginDataDrivenTest***
20:00:28.901 [main] INFO  Testcases.TC_003LoginDataDrivenTest - *** Starting TC_003_LoginDataDrivenTest*** 
20:04:35.540 [main] INFO  Testcases.TC_003LoginDataDrivenTest - *** Starting TC_003_LoginDataDrivenTest*** 
20:04:37.383 [main] INFO  Testcases.TC_003LoginDataDrivenTest - *** Finished TC_003_LoginDataDrivenTest***
20:04:37.399 [main] INFO  Testcases.TC_003LoginDataDrivenTest - *** Starting TC_003_LoginDataDrivenTest*** 
20:05:14.228 [main] INFO  Testcases.TC_003LoginDataDrivenTest - *** Finished TC_003_LoginDataDrivenTest***
20:05:14.228 [main] INFO  Testcases.TC_003LoginDataDrivenTest - *** Starting TC_003_LoginDataDrivenTest*** 
20:05:35.285 [main] INFO  Testcases.TC_003LoginDataDrivenTest - *** Finished TC_003_LoginDataDrivenTest***
20:05:35.285 [main] INFO  Testcases.TC_003LoginDataDrivenTest - *** Starting TC_003_LoginDataDrivenTest*** 
20:05:56.324 [main] INFO  Testcases.TC_003LoginDataDrivenTest - *** Finished TC_003_LoginDataDrivenTest***
20:05:56.324 [main] INFO  Testcases.TC_003LoginDataDrivenTest - *** Starting TC_003_LoginDataDrivenTest*** 
20:05:57.853 [main] INFO  Testcases.TC_003LoginDataDrivenTest - *** Finished TC_003_LoginDataDrivenTest***
18:29:31.311 [main] INFO  Testcases.TC_003LoginDataDrivenTest - *** Starting TC_003_LoginDataDrivenTest*** 
18:29:33.534 [main] INFO  Testcases.TC_003LoginDataDrivenTest - *** Finished TC_003_LoginDataDrivenTest***
18:29:33.618 [main] INFO  Testcases.TC_003LoginDataDrivenTest - *** Starting TC_003_LoginDataDrivenTest*** 
18:34:09.863 [main] INFO  Testcases.TC_003LoginDataDrivenTest - *** Starting TC_003_LoginDataDrivenTest*** 
18:34:11.901 [main] INFO  Testcases.TC_003LoginDataDrivenTest - *** Finished TC_003_LoginDataDrivenTest***
18:34:11.930 [main] INFO  Testcases.TC_003LoginDataDrivenTest - *** Starting TC_003_LoginDataDrivenTest*** 
18:51:39.814 [main] INFO  Testcases.TC_003LoginDataDrivenTest - *** Starting TC_003_LoginDataDrivenTest*** 
18:51:41.732 [main] INFO  Testcases.TC_003LoginDataDrivenTest - *** Finished TC_003_LoginDataDrivenTest***
18:51:41.763 [main] INFO  Testcases.TC_003LoginDataDrivenTest - *** Starting TC_003_LoginDataDrivenTest*** 
19:09:24.496 [main] INFO  Testcases.TC_003LoginDataDrivenTest - *** Starting TC_003_LoginDataDrivenTest*** 
19:09:26.423 [main] INFO  Testcases.TC_003LoginDataDrivenTest - *** Finished TC_003_LoginDataDrivenTest***
19:09:26.436 [main] INFO  Testcases.TC_003LoginDataDrivenTest - *** Starting TC_003_LoginDataDrivenTest*** 
19:39:34.041 [main] INFO  Testcases.TC_003LoginDataDrivenTest - *** Starting TC_003_LoginDataDrivenTest*** 
19:39:35.886 [main] INFO  Testcases.TC_003LoginDataDrivenTest - *** Finished TC_003_LoginDataDrivenTest***
19:39:35.918 [main] INFO  Testcases.TC_003LoginDataDrivenTest - *** Starting TC_003_LoginDataDrivenTest*** 
19:39:42.757 [main] INFO  Testcases.TC_003LoginDataDrivenTest - *** Finished TC_003_LoginDataDrivenTest***
19:39:42.757 [main] INFO  Testcases.TC_003LoginDataDrivenTest - *** Starting TC_003_LoginDataDrivenTest*** 
19:47:05.834 [main] INFO  Testcases.TC_003LoginDataDrivenTest - *** Starting TC_003_LoginDataDrivenTest*** 
19:47:08.050 [main] INFO  Testcases.TC_003LoginDataDrivenTest - *** Finished TC_003_LoginDataDrivenTest***
19:47:08.079 [main] INFO  Testcases.TC_003LoginDataDrivenTest - *** Starting TC_003_LoginDataDrivenTest*** 
19:53:44.895 [main] INFO  Testcases.TC_003LoginDataDrivenTest - *** Starting TC_003_LoginDataDrivenTest*** 
19:53:47.301 [main] INFO  Testcases.TC_003LoginDataDrivenTest - *** Finished TC_003_LoginDataDrivenTest***
19:53:47.317 [main] INFO  Testcases.TC_003LoginDataDrivenTest - *** Starting TC_003_LoginDataDrivenTest*** 
19:58:58.581 [main] INFO  Testcases.TC_003_LoginDataDrivenTest - *** Starting TC_003_LoginDataDrivenTest*** 
19:59:00.948 [main] INFO  Testcases.TC_003_LoginDataDrivenTest - *** Finished TC_003_LoginDataDrivenTest***
19:59:00.966 [main] INFO  Testcases.TC_003_LoginDataDrivenTest - *** Starting TC_003_LoginDataDrivenTest*** 
20:00:47.273 [main] INFO  Testcases.TC_003_LoginDataDrivenTest - *** Starting TC_003_LoginDataDrivenTest*** 
20:00:52.136 [main] INFO  Testcases.TC_003_LoginDataDrivenTest - *** Finished TC_003_LoginDataDrivenTest***
20:00:52.163 [main] INFO  Testcases.TC_003_LoginDataDrivenTest - *** Starting TC_003_LoginDataDrivenTest*** 
20:07:47.128 [main] INFO  Testcases.TC_003_LoginDataDrivenTest - *** Starting TC_003_LoginDataDrivenTest*** 
20:07:49.109 [main] INFO  Testcases.TC_003_LoginDataDrivenTest - *** Finished TC_003_LoginDataDrivenTest***
20:07:49.125 [main] INFO  Testcases.TC_003_LoginDataDrivenTest - *** Starting TC_003_LoginDataDrivenTest*** 
20:10:33.871 [main] INFO  Testcases.TC_003_LoginDataDrivenTest - *** Starting TC_003_LoginDataDrivenTest*** 
20:10:35.583 [main] INFO  Testcases.TC_003_LoginDataDrivenTest - *** Finished TC_003_LoginDataDrivenTest***
20:10:35.632 [main] INFO  Testcases.TC_003_LoginDataDrivenTest - *** Starting TC_003_LoginDataDrivenTest*** 
20:29:55.580 [main] INFO  Testcases.TC_003_LoginDataDrivenTest - *** Starting TC_003_LoginDataDrivenTest*** 
20:29:58.639 [main] INFO  Testcases.TC_003_LoginDataDrivenTest - *** Finished TC_003_LoginDataDrivenTest***
20:29:58.672 [main] INFO  Testcases.TC_003_LoginDataDrivenTest - *** Starting TC_003_LoginDataDrivenTest*** 
20:38:20.920 [main] INFO  Testcases.TC_003_LoginDataDrivenTest - *** Starting TC_003_LoginDataDrivenTest*** 
20:40:47.361 [main] INFO  Testcases.TC_003_LoginDataDrivenTest - *** Starting TC_003_LoginDataDrivenTest*** 
20:42:31.502 [main] INFO  Testcases.TC_003_LoginDataDrivenTest - *** Starting TC_003_LoginDataDrivenTest*** 
20:43:32.140 [main] INFO  Testcases.TC_003_LoginDataDrivenTest - *** Starting TC_003_LoginDataDrivenTest*** 
20:44:19.594 [main] INFO  Testcases.TC_003_LoginDataDrivenTest - *** Starting TC_003_LoginDataDrivenTest*** 
20:44:22.375 [main] INFO  Testcases.TC_003_LoginDataDrivenTest - *** Finished TC_003_LoginDataDrivenTest***
20:44:22.404 [main] INFO  Testcases.TC_003_LoginDataDrivenTest - *** Starting TC_003_LoginDataDrivenTest*** 
20:46:08.216 [main] INFO  Testcases.TC_003_LoginDataDrivenTest - *** Starting TC_003_LoginDataDrivenTest*** 
20:46:10.743 [main] INFO  Testcases.TC_003_LoginDataDrivenTest - *** Finished TC_003_LoginDataDrivenTest***
20:46:10.777 [main] INFO  Testcases.TC_003_LoginDataDrivenTest - *** Starting TC_003_LoginDataDrivenTest*** 
20:48:20.528 [main] INFO  Testcases.TC_003_LoginDataDrivenTest - *** Starting TC_003_LoginDataDrivenTest*** 
20:48:22.960 [main] INFO  Testcases.TC_003_LoginDataDrivenTest - *** Finished TC_003_LoginDataDrivenTest***
20:48:22.996 [main] INFO  Testcases.TC_003_LoginDataDrivenTest - *** Starting TC_003_LoginDataDrivenTest*** 
20:49:39.647 [main] INFO  Testcases.TC_003_LoginDataDrivenTest - *** Starting TC_003_LoginDataDrivenTest*** 
20:49:42.150 [main] INFO  Testcases.TC_003_LoginDataDrivenTest - *** Finished TC_003_LoginDataDrivenTest***
20:49:42.170 [main] INFO  Testcases.TC_003_LoginDataDrivenTest - *** Starting TC_003_LoginDataDrivenTest*** 
23:28:44.097 [main] INFO  Testcases.TC_003_LoginDataDrivenTest - *** Starting TC_003_LoginDataDrivenTest*** 
23:28:47.111 [main] INFO  Testcases.TC_003_LoginDataDrivenTest - *** Finished TC_003_LoginDataDrivenTest***
23:28:47.136 [main] INFO  Testcases.TC_003_LoginDataDrivenTest - *** Starting TC_003_LoginDataDrivenTest*** 
23:31:52.963 [main] INFO  Testcases.TC_003_LoginDataDrivenTest - *** Starting TC_003_LoginDataDrivenTest*** 
23:31:56.567 [main] INFO  Testcases.TC_003_LoginDataDrivenTest - *** Finished TC_003_LoginDataDrivenTest***
23:31:56.599 [main] INFO  Testcases.TC_003_LoginDataDrivenTest - *** Starting TC_003_LoginDataDrivenTest*** 
23:32:07.795 [main] INFO  Testcases.TC_003_LoginDataDrivenTest - *** Finished TC_003_LoginDataDrivenTest***
23:32:07.795 [main] INFO  Testcases.TC_003_LoginDataDrivenTest - *** Starting TC_003_LoginDataDrivenTest*** 
23:32:18.997 [main] INFO  Testcases.TC_003_LoginDataDrivenTest - *** Finished TC_003_LoginDataDrivenTest***
23:32:18.997 [main] INFO  Testcases.TC_003_LoginDataDrivenTest - *** Starting TC_003_LoginDataDrivenTest*** 
23:32:30.017 [main] INFO  Testcases.TC_003_LoginDataDrivenTest - *** Finished TC_003_LoginDataDrivenTest***
23:32:30.033 [main] INFO  Testcases.TC_003_LoginDataDrivenTest - *** Starting TC_003_LoginDataDrivenTest*** 
23:32:31.853 [main] INFO  Testcases.TC_003_LoginDataDrivenTest - *** Finished TC_003_LoginDataDrivenTest***
23:33:41.787 [main] INFO  Testcases.TC_003_LoginDataDrivenTest - *** Starting TC_003_LoginDataDrivenTest*** 
23:33:44.222 [main] INFO  Testcases.TC_003_LoginDataDrivenTest - *** Finished TC_003_LoginDataDrivenTest***
23:33:44.243 [main] INFO  Testcases.TC_003_LoginDataDrivenTest - *** Starting TC_003_LoginDataDrivenTest*** 
23:33:55.360 [main] INFO  Testcases.TC_003_LoginDataDrivenTest - *** Finished TC_003_LoginDataDrivenTest***
23:33:55.376 [main] INFO  Testcases.TC_003_LoginDataDrivenTest - *** Starting TC_003_LoginDataDrivenTest*** 
23:34:06.380 [main] INFO  Testcases.TC_003_LoginDataDrivenTest - *** Finished TC_003_LoginDataDrivenTest***
23:34:06.380 [main] INFO  Testcases.TC_003_LoginDataDrivenTest - *** Starting TC_003_LoginDataDrivenTest*** 
23:34:17.446 [main] INFO  Testcases.TC_003_LoginDataDrivenTest - *** Finished TC_003_LoginDataDrivenTest***
23:34:17.446 [main] INFO  Testcases.TC_003_LoginDataDrivenTest - *** Starting TC_003_LoginDataDrivenTest*** 
23:34:19.028 [main] INFO  Testcases.TC_003_LoginDataDrivenTest - *** Finished TC_003_LoginDataDrivenTest***
18:28:33.529 [main] INFO  Testcases.TC_003_LoginDataDrivenTest - *** Starting TC_003_LoginDataDrivenTest*** 
18:35:09.225 [main] INFO  Testcases.TC_003_LoginDataDrivenTest - *** Starting TC_003_LoginDataDrivenTest*** 
18:35:13.473 [main] INFO  Testcases.TC_003_LoginDataDrivenTest - *** Finished TC_003_LoginDataDrivenTest***
18:35:13.489 [main] INFO  Testcases.TC_003_LoginDataDrivenTest - *** Starting TC_003_LoginDataDrivenTest*** 
18:35:25.277 [main] INFO  Testcases.TC_003_LoginDataDrivenTest - *** Finished TC_003_LoginDataDrivenTest***
18:35:25.277 [main] INFO  Testcases.TC_003_LoginDataDrivenTest - *** Starting TC_003_LoginDataDrivenTest*** 
18:35:38.168 [main] INFO  Testcases.TC_003_LoginDataDrivenTest - *** Finished TC_003_LoginDataDrivenTest***
18:35:38.168 [main] INFO  Testcases.TC_003_LoginDataDrivenTest - *** Starting TC_003_LoginDataDrivenTest*** 
18:35:49.374 [main] INFO  Testcases.TC_003_LoginDataDrivenTest - *** Finished TC_003_LoginDataDrivenTest***
18:35:49.374 [main] INFO  Testcases.TC_003_LoginDataDrivenTest - *** Starting TC_003_LoginDataDrivenTest*** 
18:35:51.098 [main] INFO  Testcases.TC_003_LoginDataDrivenTest - *** Finished TC_003_LoginDataDrivenTest***
20:17:46.612 [main] INFO  Testcases.TC_003_LoginDataDrivenTest - *** Starting TC_003_LoginDataDrivenTest*** 
20:17:49.408 [main] INFO  Testcases.TC_003_LoginDataDrivenTest - *** Finished TC_003_LoginDataDrivenTest***
20:17:49.430 [main] INFO  Testcases.TC_003_LoginDataDrivenTest - *** Starting TC_003_LoginDataDrivenTest*** 
20:18:01.049 [main] INFO  Testcases.TC_003_LoginDataDrivenTest - *** Finished TC_003_LoginDataDrivenTest***
20:18:01.052 [main] INFO  Testcases.TC_003_LoginDataDrivenTest - *** Starting TC_003_LoginDataDrivenTest*** 
20:18:12.790 [main] INFO  Testcases.TC_003_LoginDataDrivenTest - *** Finished TC_003_LoginDataDrivenTest***
20:18:12.805 [main] INFO  Testcases.TC_003_LoginDataDrivenTest - *** Starting TC_003_LoginDataDrivenTest*** 
20:18:23.890 [main] INFO  Testcases.TC_003_LoginDataDrivenTest - *** Finished TC_003_LoginDataDrivenTest***
20:18:23.890 [main] INFO  Testcases.TC_003_LoginDataDrivenTest - *** Starting TC_003_LoginDataDrivenTest*** 
20:18:25.751 [main] INFO  Testcases.TC_003_LoginDataDrivenTest - *** Finished TC_003_LoginDataDrivenTest***
